time="2023-05-27T23:26:10+03:00" level=info msg="Incoming request: POST /api/v1/wallet/1/debit"
time="2023-05-27T23:26:10+03:00" level=info msg="Response: POST /api/v1/wallet/1/debit 200"
time="2023-05-27T23:45:52+03:00" level=info msg="Incoming request: POST /api/v1/wallet/1/debit"
time="2023-05-27T23:45:52+03:00" level=info msg="Response: POST /api/v1/wallet/1/debit 422"
time="2023-05-28T00:12:57+03:00" level=info msg="Incoming request: POST /api/v1/wallet/1/debit"
time="2023-05-28T00:12:57+03:00" level=info msg="Response: POST /api/v1/wallet/1/debit 403"
time="2023-05-28T00:13:36+03:00" level=info msg="Incoming request: POST /api/v1/wallet/1/debit"
time="2023-05-28T00:13:36+03:00" level=info msg="Response: POST /api/v1/wallet/1/debit 422"
time="2023-05-28T00:14:32+03:00" level=info msg="Incoming request: POST /api/v1/wallet/1/debit"
time="2023-05-28T00:14:32+03:00" level=info msg="Response: POST /api/v1/wallet/1/debit 422"
time="2023-05-28T00:15:32+03:00" level=info msg="Incoming request: POST /api/v1/wallet/1/debit"
time="2023-05-28T00:15:32+03:00" level=info msg="Response: POST /api/v1/wallet/1/debit 422"
time="2023-05-28T00:16:11+03:00" level=info msg="Incoming request: POST /api/v1/wallet/1/debit"
time="2023-05-28T00:16:11+03:00" level=info msg="Response: POST /api/v1/wallet/1/debit 403"
time="2023-05-28T00:16:16+03:00" level=info msg="Incoming request: POST /api/v1/wallet/1/debit"
time="2023-05-28T00:16:16+03:00" level=info msg="Response: POST /api/v1/wallet/1/debit 200"
time="2023-05-29T14:42:43+03:00" level=info msg="Incoming request: POST /api/v1/wallet/authenticate"
time="2023-05-29T14:42:43+03:00" level=info msg="Response: POST /api/v1/wallet/authenticate 200"
time="2023-05-29T14:49:27+03:00" level=info msg="Incoming request: GET /api/v1/wallet/1/balance"
time="2023-05-29T14:49:27+03:00" level=info msg="Response: GET /api/v1/wallet/1/balance 401"
time="2023-05-29T14:49:36+03:00" level=info msg="Incoming request: GET /api/v1/wallet/1/balance"
time="2023-05-29T14:49:36+03:00" level=info msg="Response: GET /api/v1/wallet/1/balance 200"
time="2023-05-29T14:50:50+03:00" level=info msg="Incoming request: GET /api/v1/wallet/1/balance"
time="2023-05-29T14:50:50+03:00" level=info msg="Response: GET /api/v1/wallet/1/balance 200"
time="2023-05-29T14:50:51+03:00" level=info msg="Incoming request: GET /api/v1/wallet/1/balance"
time="2023-05-29T14:50:51+03:00" level=info msg="Response: GET /api/v1/wallet/1/balance 200"
time="2023-05-29T14:50:51+03:00" level=info msg="Incoming request: GET /api/v1/wallet/1/balance"
time="2023-05-29T14:50:51+03:00" level=info msg="Response: GET /api/v1/wallet/1/balance 200"
time="2023-05-29T14:51:06+03:00" level=info msg="Incoming request: POST /api/v1/wallet/authenticate"
time="2023-05-29T14:51:06+03:00" level=info msg="Response: POST /api/v1/wallet/authenticate 200"
time="2023-05-29T14:53:09+03:00" level=info msg="Incoming request: POST /api/v1/wallet/authenticate"
time="2023-05-29T14:53:09+03:00" level=info msg="Response: POST /api/v1/wallet/authenticate 200"
time="2023-05-29T14:53:31+03:00" level=info msg="Incoming request: GET /api/v1/wallet/1/balance"
time="2023-05-29T14:53:31+03:00" level=info msg="Response: GET /api/v1/wallet/1/balance 200"
time="2023-05-29T15:07:47+03:00" level=info msg="Incoming request: POST /api/v1/wallet/authenticate"
time="2023-05-29T15:07:47+03:00" level=info msg="Response: POST /api/v1/wallet/authenticate 200"
time="2023-05-29T15:07:48+03:00" level=info msg="Incoming request: POST /api/v1/wallet/authenticate"
time="2023-05-29T15:07:48+03:00" level=info msg="Response: POST /api/v1/wallet/authenticate 200"
time="2023-05-29T15:07:48+03:00" level=info msg="Incoming request: POST /api/v1/wallet/authenticate"
time="2023-05-29T15:07:48+03:00" level=info msg="Response: POST /api/v1/wallet/authenticate 200"
time="2023-05-29T15:07:49+03:00" level=info msg="Incoming request: POST /api/v1/wallet/authenticate"
time="2023-05-29T15:07:49+03:00" level=info msg="Response: POST /api/v1/wallet/authenticate 200"
time="2023-05-29T15:08:00+03:00" level=info msg="Incoming request: GET /api/v1/wallet/1/balance"
time="2023-05-29T15:08:00+03:00" level=info msg="Response: GET /api/v1/wallet/1/balance 200"
time="2023-05-29T15:08:13+03:00" level=info msg="Incoming request: GET /api/v1/wallet/1/balance"
time="2023-05-29T15:08:13+03:00" level=info msg="Response: GET /api/v1/wallet/1/balance 200"
time="2023-05-29T15:08:13+03:00" level=info msg="Incoming request: GET /api/v1/wallet/1/balance"
time="2023-05-29T15:08:13+03:00" level=info msg="Response: GET /api/v1/wallet/1/balance 200"
time="2023-05-29T15:08:14+03:00" level=info msg="Incoming request: GET /api/v1/wallet/1/balance"
time="2023-05-29T15:08:14+03:00" level=info msg="Response: GET /api/v1/wallet/1/balance 200"
time="2023-05-29T15:08:19+03:00" level=info msg="Incoming request: GET /api/v1/wallet/1/balance"
time="2023-05-29T15:08:19+03:00" level=info msg="Response: GET /api/v1/wallet/1/balance 200"
time="2023-05-29T15:08:19+03:00" level=info msg="Incoming request: GET /api/v1/wallet/1/balance"
time="2023-05-29T15:08:19+03:00" level=info msg="Response: GET /api/v1/wallet/1/balance 200"
time="2023-05-29T15:08:20+03:00" level=info msg="Incoming request: GET /api/v1/wallet/1/balance"
time="2023-05-29T15:08:20+03:00" level=info msg="Response: GET /api/v1/wallet/1/balance 200"
time="2023-05-29T15:08:20+03:00" level=info msg="Incoming request: GET /api/v1/wallet/1/balance"
time="2023-05-29T15:08:20+03:00" level=info msg="Response: GET /api/v1/wallet/1/balance 200"
time="2023-05-29T15:08:21+03:00" level=info msg="Incoming request: GET /api/v1/wallet/1/balance"
time="2023-05-29T15:08:21+03:00" level=info msg="Response: GET /api/v1/wallet/1/balance 200"
time="2023-05-29T15:09:30+03:00" level=info msg="Incoming request: POST /api/v1/wallet/authenticate"
time="2023-05-29T15:09:30+03:00" level=info msg="Response: POST /api/v1/wallet/authenticate 200"
time="2023-05-29T15:09:42+03:00" level=info msg="Incoming request: GET /api/v1/wallet/1/balance"
time="2023-05-29T15:09:42+03:00" level=info msg="Response: GET /api/v1/wallet/1/balance 200"
time="2023-05-29T15:09:51+03:00" level=info msg="Incoming request: GET /api/v1/wallet/1/balance"
time="2023-05-29T15:09:51+03:00" level=info msg="Response: GET /api/v1/wallet/1/balance 200"
time="2023-05-29T15:11:12+03:00" level=info msg="Incoming request: POST /api/v1/wallet/1/debit"
time="2023-05-29T15:11:12+03:00" level=info msg="Response: POST /api/v1/wallet/1/debit 401"
time="2023-05-29T15:11:13+03:00" level=info msg="Incoming request: POST /api/v1/wallet/1/debit"
time="2023-05-29T15:11:13+03:00" level=info msg="Response: POST /api/v1/wallet/1/debit 401"
time="2023-05-29T15:11:15+03:00" level=info msg="Incoming request: POST /api/v1/wallet/authenticate"
time="2023-05-29T15:11:15+03:00" level=info msg="Response: POST /api/v1/wallet/authenticate 200"
time="2023-05-29T15:11:25+03:00" level=info msg="Incoming request: POST /api/v1/wallet/1/debit"
time="2023-05-29T15:11:25+03:00" level=info msg="Response: POST /api/v1/wallet/1/debit 200"
time="2023-05-29T15:11:28+03:00" level=info msg="Incoming request: GET /api/v1/wallet/1/balance"
time="2023-05-29T15:11:28+03:00" level=info msg="Response: GET /api/v1/wallet/1/balance 200"
time="2023-05-29T15:11:30+03:00" level=info msg="Incoming request: POST /api/v1/wallet/1/debit"
time="2023-05-29T15:11:30+03:00" level=info msg="Response: POST /api/v1/wallet/1/debit 200"
time="2023-05-29T15:11:31+03:00" level=info msg="Incoming request: GET /api/v1/wallet/1/balance"
time="2023-05-29T15:11:31+03:00" level=info msg="Response: GET /api/v1/wallet/1/balance 200"
time="2023-05-29T15:11:34+03:00" level=info msg="Incoming request: POST /api/v1/wallet/1/credit"
time="2023-05-29T15:11:34+03:00" level=info msg="Response: POST /api/v1/wallet/1/credit 200"
time="2023-05-29T15:11:36+03:00" level=info msg="Incoming request: GET /api/v1/wallet/1/balance"
time="2023-05-29T15:11:36+03:00" level=info msg="Response: GET /api/v1/wallet/1/balance 200"
time="2023-05-29T15:11:45+03:00" level=info msg="Incoming request: GET /api/v1/wallet/1/balance"
time="2023-05-29T15:11:45+03:00" level=info msg="Response: GET /api/v1/wallet/1/balance 200"
time="2023-05-29T15:11:51+03:00" level=info msg="Incoming request: GET /api/v1/wallet/1/balance"
time="2023-05-29T15:11:51+03:00" level=info msg="Response: GET /api/v1/wallet/1/balance 200"
time="2023-05-29T15:11:52+03:00" level=info msg="Incoming request: POST /api/v1/wallet/1/credit"
time="2023-05-29T15:11:52+03:00" level=info msg="Response: POST /api/v1/wallet/1/credit 200"
time="2023-05-29T15:12:03+03:00" level=info msg="Incoming request: GET /api/v1/wallet/1/balance"
time="2023-05-29T15:12:03+03:00" level=info msg="Response: GET /api/v1/wallet/1/balance 200"
time="2023-05-29T15:12:13+03:00" level=info msg="Incoming request: GET /api/v1/wallet/1/balance"
time="2023-05-29T15:12:13+03:00" level=info msg="Response: GET /api/v1/wallet/1/balance 200"
time="2023-05-29T15:12:13+03:00" level=info msg="Incoming request: GET /api/v1/wallet/1/balance"
time="2023-05-29T15:12:13+03:00" level=info msg="Response: GET /api/v1/wallet/1/balance 200"
time="2023-05-29T15:12:18+03:00" level=info msg="Incoming request: POST /api/v1/wallet/1/credit"
time="2023-05-29T15:12:18+03:00" level=info msg="Response: POST /api/v1/wallet/1/credit 200"
time="2023-05-29T15:12:24+03:00" level=info msg="Incoming request: GET /api/v1/wallet/1/balance"
time="2023-05-29T15:12:24+03:00" level=info msg="Response: GET /api/v1/wallet/1/balance 200"
time="2023-05-29T15:12:35+03:00" level=info msg="Incoming request: GET /api/v1/wallet/1/balance"
time="2023-05-29T15:12:35+03:00" level=info msg="Response: GET /api/v1/wallet/1/balance 200"
time="2023-05-29T15:12:40+03:00" level=info msg="Incoming request: POST /api/v1/wallet/1/debit"
time="2023-05-29T15:12:41+03:00" level=info msg="Response: POST /api/v1/wallet/1/debit 200"
time="2023-05-29T15:12:42+03:00" level=info msg="Incoming request: POST /api/v1/wallet/1/credit"
time="2023-05-29T15:12:42+03:00" level=info msg="Response: POST /api/v1/wallet/1/credit 200"
time="2023-05-29T15:12:44+03:00" level=info msg="Incoming request: POST /api/v1/wallet/1/debit"
time="2023-05-29T15:12:44+03:00" level=info msg="Response: POST /api/v1/wallet/1/debit 200"
time="2023-05-29T15:12:44+03:00" level=info msg="Incoming request: POST /api/v1/wallet/1/debit"
time="2023-05-29T15:12:44+03:00" level=info msg="Response: POST /api/v1/wallet/1/debit 200"
time="2023-05-29T15:12:51+03:00" level=info msg="Incoming request: GET /api/v1/wallet/1/balance"
time="2023-05-29T15:12:51+03:00" level=info msg="Response: GET /api/v1/wallet/1/balance 200"
time="2023-05-29T15:12:52+03:00" level=info msg="Incoming request: GET /api/v1/wallet/1/balance"
time="2023-05-29T15:12:52+03:00" level=info msg="Response: GET /api/v1/wallet/1/balance 200"
time="2023-05-29T15:12:55+03:00" level=info msg="Incoming request: POST /api/v1/wallet/1/debit"
time="2023-05-29T15:12:55+03:00" level=info msg="Response: POST /api/v1/wallet/1/debit 200"
time="2023-05-29T15:12:57+03:00" level=info msg="Incoming request: POST /api/v1/wallet/1/debit"
time="2023-05-29T15:12:57+03:00" level=info msg="Response: POST /api/v1/wallet/1/debit 200"
time="2023-05-29T15:12:59+03:00" level=info msg="Incoming request: GET /api/v1/wallet/1/balance"
time="2023-05-29T15:12:59+03:00" level=info msg="Response: GET /api/v1/wallet/1/balance 200"
time="2023-05-29T15:13:00+03:00" level=info msg="Incoming request: GET /api/v1/wallet/1/balance"
time="2023-05-29T15:13:00+03:00" level=info msg="Response: GET /api/v1/wallet/1/balance 200"
time="2023-05-29T16:08:10+03:00" level=info msg="Incoming request: GET /api/v1/wallet/1/balance"
time="2023-05-29T16:08:10+03:00" level=info msg="Response: GET /api/v1/wallet/1/balance 200"
time="2023-05-29T16:08:11+03:00" level=info msg="Incoming request: GET /api/v1/wallet/1/balance"
time="2023-05-29T16:08:11+03:00" level=info msg="Response: GET /api/v1/wallet/1/balance 200"
time="2023-05-29T16:08:13+03:00" level=info msg="Incoming request: POST /api/v1/wallet/authenticate"
time="2023-05-29T16:08:13+03:00" level=info msg="Response: POST /api/v1/wallet/authenticate 200"
time="2023-05-29T16:08:14+03:00" level=info msg="Incoming request: GET /api/v1/wallet/1/balance"
time="2023-05-29T16:08:14+03:00" level=info msg="Response: GET /api/v1/wallet/1/balance 200"
time="2023-05-29T16:08:16+03:00" level=info msg="Incoming request: GET /api/v1/wallet/1/balance"
time="2023-05-29T16:08:16+03:00" level=info msg="Response: GET /api/v1/wallet/1/balance 200"
time="2023-05-29T16:08:17+03:00" level=info msg="Incoming request: POST /api/v1/wallet/1/debit"
time="2023-05-29T16:08:17+03:00" level=info msg="Response: POST /api/v1/wallet/1/debit 200"
time="2023-05-29T16:08:20+03:00" level=info msg="Incoming request: POST /api/v1/wallet/authenticate"
time="2023-05-29T16:08:20+03:00" level=info msg="Response: POST /api/v1/wallet/authenticate 200"
time="2023-05-29T16:08:20+03:00" level=info msg="Incoming request: POST /api/v1/wallet/authenticate"
time="2023-05-29T16:08:20+03:00" level=info msg="Response: POST /api/v1/wallet/authenticate 200"
time="2023-05-29T16:08:21+03:00" level=info msg="Incoming request: POST /api/v1/wallet/authenticate"
time="2023-05-29T16:08:21+03:00" level=info msg="Response: POST /api/v1/wallet/authenticate 200"
time="2023-05-29T16:08:21+03:00" level=info msg="Incoming request: POST /api/v1/wallet/authenticate"
time="2023-05-29T16:08:21+03:00" level=info msg="Response: POST /api/v1/wallet/authenticate 200"
time="2023-05-29T16:08:24+03:00" level=info msg="Incoming request: GET /api/v1/wallet/1/balance"
time="2023-05-29T16:08:24+03:00" level=info msg="Response: GET /api/v1/wallet/1/balance 200"
time="2023-05-29T16:08:24+03:00" level=info msg="Incoming request: GET /api/v1/wallet/1/balance"
time="2023-05-29T16:08:24+03:00" level=info msg="Response: GET /api/v1/wallet/1/balance 200"
